0 info it worked if it ends with ok
1 verbose cli [ 'C:\\Program Files\\nodejs\\\\node.exe',
1 verbose cli   'C:\\Program Files\\nodejs\\node_modules\\npm\\bin\\npm-cli.js',
1 verbose cli   'i',
1 verbose cli   'onoff' ]
2 info using npm@2.11.3
3 info using node@v0.12.7
4 verbose install initial load of C:\Users\edison\Documents\nodejs_workspace\gpio\package.json
5 verbose installManyTop reading scoped package data from C:\Users\edison\Documents\nodejs_workspace\gpio\node_modules\body-parser\package.json
6 verbose installManyTop reading scoped package data from C:\Users\edison\Documents\nodejs_workspace\gpio\node_modules\bootstrap\package.json
7 verbose installManyTop reading scoped package data from C:\Users\edison\Documents\nodejs_workspace\gpio\node_modules\cookie-parser\package.json
8 verbose installManyTop reading scoped package data from C:\Users\edison\Documents\nodejs_workspace\gpio\node_modules\debug\package.json
9 verbose installManyTop reading scoped package data from C:\Users\edison\Documents\nodejs_workspace\gpio\node_modules\ejs\package.json
10 verbose installManyTop reading scoped package data from C:\Users\edison\Documents\nodejs_workspace\gpio\node_modules\express\package.json
11 verbose installManyTop reading scoped package data from C:\Users\edison\Documents\nodejs_workspace\gpio\node_modules\morgan\package.json
12 verbose installManyTop reading scoped package data from C:\Users\edison\Documents\nodejs_workspace\gpio\node_modules\serve-favicon\package.json
13 verbose readDependencies loading dependencies from C:\Users\edison\Documents\nodejs_workspace\gpio\package.json
14 silly cache add args [ 'onoff', null ]
15 verbose cache add spec onoff
16 silly cache add parsed spec { raw: 'onoff',
16 silly cache add   scope: null,
16 silly cache add   name: 'onoff',
16 silly cache add   rawSpec: '',
16 silly cache add   spec: '*',
16 silly cache add   type: 'range' }
17 silly addNamed onoff@*
18 verbose addNamed "*" is a valid semver range for onoff
19 silly addNameRange { name: 'onoff', range: '*', hasData: false }
20 silly mapToRegistry name onoff
21 silly mapToRegistry using default registry
22 silly mapToRegistry registry https://registry.npmjs.org/
23 silly mapToRegistry uri https://registry.npmjs.org/onoff
24 verbose addNameRange registry:https://registry.npmjs.org/onoff not in flight; fetching
25 verbose request uri https://registry.npmjs.org/onoff
26 verbose request no auth needed
27 info attempt registry request try #1 at 3:11:41 PM
28 verbose request using bearer token for auth
29 verbose request id 0d16d17b05c49bb8
30 verbose etag "F022PZL87GBZY0P1ZY07WH3SS"
31 http request GET https://registry.npmjs.org/onoff
32 http 304 https://registry.npmjs.org/onoff
33 silly get cb [ 304,
33 silly get   { 'cache-control': 'max-age=300',
33 silly get     'accept-ranges': 'bytes',
33 silly get     date: 'Thu, 14 Jan 2016 09:41:00 GMT',
33 silly get     via: '1.1 varnish',
33 silly get     connection: 'keep-alive',
33 silly get     'x-served-by': 'cache-sin6920-SIN',
33 silly get     'x-cache': 'MISS',
33 silly get     'x-cache-hits': '0',
33 silly get     'x-timer': 'S1452764460.371544,VS0,VE333' } ]
34 verbose etag https://registry.npmjs.org/onoff from cache
35 verbose get saving onoff to C:\Users\edison\AppData\Roaming\npm-cache\registry.npmjs.org\onoff\.cache.json
36 silly addNameRange number 2 { name: 'onoff', range: '*', hasData: true }
37 silly addNameRange versions [ 'onoff',
37 silly addNameRange   [ '0.0.1',
37 silly addNameRange     '0.1.0',
37 silly addNameRange     '0.1.2',
37 silly addNameRange     '0.1.3',
37 silly addNameRange     '0.1.4',
37 silly addNameRange     '0.1.5',
37 silly addNameRange     '0.1.6',
37 silly addNameRange     '0.1.7',
37 silly addNameRange     '0.2.0',
37 silly addNameRange     '0.2.1',
37 silly addNameRange     '0.2.2',
37 silly addNameRange     '0.2.3',
37 silly addNameRange     '0.3.0',
37 silly addNameRange     '0.3.1',
37 silly addNameRange     '0.3.2',
37 silly addNameRange     '1.0.0',
37 silly addNameRange     '1.0.1',
37 silly addNameRange     '1.0.2',
37 silly addNameRange     '1.0.3' ] ]
38 silly addNamed onoff@1.0.3
39 verbose addNamed "1.0.3" is a plain semver version for onoff
40 silly cache afterAdd onoff@1.0.3
41 verbose afterAdd C:\Users\edison\AppData\Roaming\npm-cache\onoff\1.0.3\package\package.json not in flight; writing
42 verbose afterAdd C:\Users\edison\AppData\Roaming\npm-cache\onoff\1.0.3\package\package.json written
43 silly install resolved [ { name: 'onoff',
43 silly install resolved     version: '1.0.3',
43 silly install resolved     description: 'GPIO access and interrupt detection with JavaScript',
43 silly install resolved     main: 'onoff.js',
43 silly install resolved     directories: { example: 'examples', test: 'test' },
43 silly install resolved     scripts: { test: 'echo "Tests can only be run manually from the command line. They access hardware GPIOs." && exit 1' },
43 silly install resolved     repository: { type: 'git', url: 'git+https://github.com/fivdi/onoff.git' },
43 silly install resolved     engines: { node: '>=0.8.0' },
43 silly install resolved     dependencies: { epoll: '~0.1.16' },
43 silly install resolved     keywords:
43 silly install resolved      [ 'gpio',
43 silly install resolved        'embedded',
43 silly install resolved        'interrupt',
43 silly install resolved        'beaglebone',
43 silly install resolved        'bbb',
43 silly install resolved        'bb',
43 silly install resolved        'raspberry',
43 silly install resolved        'raspi',
43 silly install resolved        'rpi',
43 silly install resolved        'pi',
43 silly install resolved        'linux' ],
43 silly install resolved     author: { name: 'fivdi' },
43 silly install resolved     license: 'MIT',
43 silly install resolved     gitHead: '29aab3c149f36569e8f9430a064fb6e5a7f16129',
43 silly install resolved     bugs: { url: 'https://github.com/fivdi/onoff/issues' },
43 silly install resolved     homepage: 'https://github.com/fivdi/onoff#readme',
43 silly install resolved     _id: 'onoff@1.0.3',
43 silly install resolved     _shasum: '241d3f2aabca247f53e4174fdc54504593f7f3b0',
43 silly install resolved     _from: 'onoff@*',
43 silly install resolved     _npmVersion: '2.14.4',
43 silly install resolved     _nodeVersion: '4.1.1',
43 silly install resolved     _npmUser: { name: 'fivdi', email: 'fivdiweb@gmail.com' },
43 silly install resolved     maintainers: [ [Object] ],
43 silly install resolved     dist:
43 silly install resolved      { shasum: '241d3f2aabca247f53e4174fdc54504593f7f3b0',
43 silly install resolved        tarball: 'http://registry.npmjs.org/onoff/-/onoff-1.0.3.tgz' },
43 silly install resolved     _resolved: 'https://registry.npmjs.org/onoff/-/onoff-1.0.3.tgz',
43 silly install resolved     readme: 'ERROR: No README data found!' } ]
44 info install onoff@1.0.3 into C:\Users\edison\Documents\nodejs_workspace\gpio
45 info installOne onoff@1.0.3
46 verbose installOne of onoff to C:\Users\edison\Documents\nodejs_workspace\gpio not in flight; installing
47 verbose lock using C:\Users\edison\AppData\Roaming\npm-cache\_locks\onoff-b910522a96a5a7e1.lock for C:\Users\edison\Documents\nodejs_workspace\gpio\node_modules\onoff
48 silly install write writing onoff 1.0.3 to C:\Users\edison\Documents\nodejs_workspace\gpio\node_modules\onoff
49 verbose unbuild node_modules\onoff
50 silly gentlyRm C:\Users\edison\Documents\nodejs_workspace\gpio\node_modules\onoff is being purged from base C:\Users\edison\Documents\nodejs_workspace\gpio
51 verbose gentlyRm don't care about contents; nuking C:\Users\edison\Documents\nodejs_workspace\gpio\node_modules\onoff
52 verbose tar unpack C:\Users\edison\AppData\Roaming\npm-cache\onoff\1.0.3\package.tgz
53 verbose tar unpacking to C:\Users\edison\Documents\nodejs_workspace\gpio\node_modules\onoff
54 silly gentlyRm C:\Users\edison\Documents\nodejs_workspace\gpio\node_modules\onoff is being purged
55 verbose gentlyRm don't care about contents; nuking C:\Users\edison\Documents\nodejs_workspace\gpio\node_modules\onoff
56 silly gunzTarPerm modes [ '777', '666' ]
57 silly gunzTarPerm extractEntry package.json
58 silly gunzTarPerm modified mode [ 'package.json', 436, 438 ]
59 silly gunzTarPerm extractEntry .npmignore
60 silly gunzTarPerm modified mode [ '.npmignore', 436, 438 ]
61 silly gunzTarPerm extractEntry README.md
62 silly gunzTarPerm modified mode [ 'README.md', 436, 438 ]
63 silly gunzTarPerm extractEntry LICENSE
64 silly gunzTarPerm modified mode [ 'LICENSE', 436, 438 ]
65 silly gunzTarPerm extractEntry onoff.js
66 silly gunzTarPerm modified mode [ 'onoff.js', 436, 438 ]
67 silly gunzTarPerm extractEntry History.md
68 silly gunzTarPerm modified mode [ 'History.md', 436, 438 ]
69 silly gunzTarPerm extractEntry examples/blink-led-async.js
70 silly gunzTarPerm modified mode [ 'examples/blink-led-async.js', 436, 438 ]
71 silly gunzTarPerm extractEntry examples/blink-led.js
72 silly gunzTarPerm modified mode [ 'examples/blink-led.js', 436, 438 ]
73 silly gunzTarPerm extractEntry examples/light-switch.js
74 silly gunzTarPerm modified mode [ 'examples/light-switch.js', 436, 438 ]
75 silly gunzTarPerm extractEntry examples/wait-for-interrupt.js
76 silly gunzTarPerm modified mode [ 'examples/wait-for-interrupt.js', 436, 438 ]
77 silly gunzTarPerm extractEntry examples/light-switch.png
78 silly gunzTarPerm modified mode [ 'examples/light-switch.png', 436, 438 ]
79 silly gunzTarPerm extractEntry examples/mygpio-overlay.dts
80 silly gunzTarPerm modified mode [ 'examples/mygpio-overlay.dts', 436, 438 ]
81 silly gunzTarPerm extractEntry examples/run-examples
82 silly gunzTarPerm modified mode [ 'examples/run-examples', 509, 511 ]
83 silly gunzTarPerm extractEntry test/blink-led.js
84 silly gunzTarPerm modified mode [ 'test/blink-led.js', 436, 438 ]
85 silly gunzTarPerm extractEntry test/configure-and-check-output.js
86 silly gunzTarPerm modified mode [ 'test/configure-and-check-output.js', 436, 438 ]
87 silly gunzTarPerm extractEntry test/export-many-times.js
88 silly gunzTarPerm modified mode [ 'test/export-many-times.js', 436, 438 ]
89 silly gunzTarPerm extractEntry test/many-interrupts.js
90 silly gunzTarPerm modified mode [ 'test/many-interrupts.js', 436, 438 ]
91 silly gunzTarPerm extractEntry test/configure-and-check-input.js
92 silly gunzTarPerm modified mode [ 'test/configure-and-check-input.js', 436, 438 ]
93 silly gunzTarPerm extractEntry test/performance-interrupt.js
94 silly gunzTarPerm modified mode [ 'test/performance-interrupt.js', 436, 438 ]
95 silly gunzTarPerm extractEntry test/performance-sync.js
96 silly gunzTarPerm modified mode [ 'test/performance-sync.js', 436, 438 ]
97 silly gunzTarPerm extractEntry test/wait-for-interrupt.js
98 silly gunzTarPerm modified mode [ 'test/wait-for-interrupt.js', 436, 438 ]
99 silly gunzTarPerm extractEntry test/wait-for-many-interrupts.js
100 silly gunzTarPerm modified mode [ 'test/wait-for-many-interrupts.js', 436, 438 ]
101 silly gunzTarPerm extractEntry test/performance-async.js
102 silly gunzTarPerm modified mode [ 'test/performance-async.js', 436, 438 ]
103 silly gunzTarPerm extractEntry test/run-tests
104 silly gunzTarPerm modified mode [ 'test/run-tests', 509, 511 ]
105 verbose write writing to C:\Users\edison\Documents\nodejs_workspace\gpio\node_modules\onoff\package.json
106 info preinstall onoff@1.0.3
107 verbose readDependencies loading dependencies from C:\Users\edison\Documents\nodejs_workspace\gpio\node_modules\onoff\package.json
108 silly prepareForInstallMany adding epoll@~0.1.16 from onoff dependencies
109 verbose readDependencies loading dependencies from C:\Users\edison\Documents\nodejs_workspace\gpio\node_modules\onoff\package.json
110 silly cache add args [ 'epoll@~0.1.16', null ]
111 verbose cache add spec epoll@~0.1.16
112 silly cache add parsed spec { raw: 'epoll@~0.1.16',
112 silly cache add   scope: null,
112 silly cache add   name: 'epoll',
112 silly cache add   rawSpec: '~0.1.16',
112 silly cache add   spec: '>=0.1.16 <0.2.0',
112 silly cache add   type: 'range' }
113 silly addNamed epoll@>=0.1.16 <0.2.0
114 verbose addNamed ">=0.1.16 <0.2.0" is a valid semver range for epoll
115 silly addNameRange { name: 'epoll', range: '>=0.1.16 <0.2.0', hasData: false }
116 silly mapToRegistry name epoll
117 silly mapToRegistry using default registry
118 silly mapToRegistry registry https://registry.npmjs.org/
119 silly mapToRegistry uri https://registry.npmjs.org/epoll
120 verbose addNameRange registry:https://registry.npmjs.org/epoll not in flight; fetching
121 verbose request uri https://registry.npmjs.org/epoll
122 verbose request no auth needed
123 info attempt registry request try #1 at 3:11:43 PM
124 verbose request using bearer token for auth
125 verbose etag "1EN9BAE5H44IDXRCFFDPXY0AZ"
126 http request GET https://registry.npmjs.org/epoll
127 http 304 https://registry.npmjs.org/epoll
128 silly get cb [ 304,
128 silly get   { 'cache-control': 'max-age=300',
128 silly get     'accept-ranges': 'bytes',
128 silly get     date: 'Thu, 14 Jan 2016 09:41:02 GMT',
128 silly get     via: '1.1 varnish',
128 silly get     connection: 'keep-alive',
128 silly get     'x-served-by': 'cache-sin6923-SIN',
128 silly get     'x-cache': 'MISS',
128 silly get     'x-cache-hits': '0',
128 silly get     'x-timer': 'S1452764461.428836,VS0,VE879' } ]
129 verbose etag https://registry.npmjs.org/epoll from cache
130 verbose get saving epoll to C:\Users\edison\AppData\Roaming\npm-cache\registry.npmjs.org\epoll\.cache.json
131 silly addNameRange number 2 { name: 'epoll', range: '>=0.1.16 <0.2.0', hasData: true }
132 silly addNameRange versions [ 'epoll',
132 silly addNameRange   [ '0.0.1',
132 silly addNameRange     '0.0.2',
132 silly addNameRange     '0.0.3',
132 silly addNameRange     '0.0.4',
132 silly addNameRange     '0.0.5',
132 silly addNameRange     '0.0.6',
132 silly addNameRange     '0.0.7',
132 silly addNameRange     '0.0.8',
132 silly addNameRange     '0.1.0',
132 silly addNameRange     '0.1.1',
132 silly addNameRange     '0.1.2',
132 silly addNameRange     '0.1.3',
132 silly addNameRange     '0.1.4',
132 silly addNameRange     '0.1.5',
132 silly addNameRange     '0.1.7',
132 silly addNameRange     '0.1.8',
132 silly addNameRange     '0.1.9',
132 silly addNameRange     '0.1.10',
132 silly addNameRange     '0.1.11',
132 silly addNameRange     '0.1.12',
132 silly addNameRange     '0.1.13',
132 silly addNameRange     '0.1.14',
132 silly addNameRange     '0.1.15',
132 silly addNameRange     '0.1.16' ] ]
133 silly addNamed epoll@0.1.16
134 verbose addNamed "0.1.16" is a plain semver version for epoll
135 silly cache afterAdd epoll@0.1.16
136 verbose afterAdd C:\Users\edison\AppData\Roaming\npm-cache\epoll\0.1.16\package\package.json not in flight; writing
137 verbose afterAdd C:\Users\edison\AppData\Roaming\npm-cache\epoll\0.1.16\package\package.json written
138 silly install resolved [ { name: 'epoll',
138 silly install resolved     version: '0.1.16',
138 silly install resolved     description: 'A low-level Node.js binding for the Linux epoll API',
138 silly install resolved     main: 'epoll.js',
138 silly install resolved     directories: { example: 'example', test: 'test' },
138 silly install resolved     scripts:
138 silly install resolved      { test: 'echo "Tests can only be run manually from the command line." && exit 1',
138 silly install resolved        install: 'node-gyp rebuild' },
138 silly install resolved     repository: { type: 'git', url: 'git+https://github.com/fivdi/epoll.git' },
138 silly install resolved     engines: { node: '>=0.8.0' },
138 silly install resolved     dependencies: { bindings: '~1.2.1', nan: '~2.1.0' },
138 silly install resolved     keywords:
138 silly install resolved      [ 'epoll',
138 silly install resolved        'epollpri',
138 silly install resolved        'poll',
138 silly install resolved        'pollpri',
138 silly install resolved        'gpio',
138 silly install resolved        'interrupt',
138 silly install resolved        'linux' ],
138 silly install resolved     author: { name: 'fivdi' },
138 silly install resolved     license: 'MIT',
138 silly install resolved     gypfile: true,
138 silly install resolved     gitHead: '2c5514c4c30331b674a20b694d7463f5a5d3f5dc',
138 silly install resolved     bugs: { url: 'https://github.com/fivdi/epoll/issues' },
138 silly install resolved     homepage: 'https://github.com/fivdi/epoll#readme',
138 silly install resolved     _id: 'epoll@0.1.16',
138 silly install resolved     _shasum: 'ccee67ea70055c3b9f8e6db75f5d908621236fe3',
138 silly install resolved     _from: 'epoll@>=0.1.16 <0.2.0',
138 silly install resolved     _npmVersion: '2.14.4',
138 silly install resolved     _nodeVersion: '4.1.1',
138 silly install resolved     _npmUser: { name: 'fivdi', email: 'fivdiweb@gmail.com' },
138 silly install resolved     maintainers: [ [Object] ],
138 silly install resolved     dist:
138 silly install resolved      { shasum: 'ccee67ea70055c3b9f8e6db75f5d908621236fe3',
138 silly install resolved        tarball: 'http://registry.npmjs.org/epoll/-/epoll-0.1.16.tgz' },
138 silly install resolved     _resolved: 'https://registry.npmjs.org/epoll/-/epoll-0.1.16.tgz',
138 silly install resolved     readme: 'ERROR: No README data found!' } ]
139 info install epoll@0.1.16 into C:\Users\edison\Documents\nodejs_workspace\gpio\node_modules\onoff
140 info installOne epoll@0.1.16
141 verbose installOne of epoll to C:\Users\edison\Documents\nodejs_workspace\gpio\node_modules\onoff not in flight; installing
142 verbose lock using C:\Users\edison\AppData\Roaming\npm-cache\_locks\epoll-d8c68a45176e5613.lock for C:\Users\edison\Documents\nodejs_workspace\gpio\node_modules\onoff\node_modules\epoll
143 silly install write writing epoll 0.1.16 to C:\Users\edison\Documents\nodejs_workspace\gpio\node_modules\onoff\node_modules\epoll
144 verbose unbuild node_modules\onoff\node_modules\epoll
145 silly gentlyRm C:\Users\edison\Documents\nodejs_workspace\gpio\node_modules\onoff\node_modules\epoll is being purged from base C:\Users\edison\Documents\nodejs_workspace\gpio
146 verbose gentlyRm don't care about contents; nuking C:\Users\edison\Documents\nodejs_workspace\gpio\node_modules\onoff\node_modules\epoll
147 verbose tar unpack C:\Users\edison\AppData\Roaming\npm-cache\epoll\0.1.16\package.tgz
148 verbose tar unpacking to C:\Users\edison\Documents\nodejs_workspace\gpio\node_modules\onoff\node_modules\epoll
149 silly gentlyRm C:\Users\edison\Documents\nodejs_workspace\gpio\node_modules\onoff\node_modules\epoll is being purged
150 verbose gentlyRm don't care about contents; nuking C:\Users\edison\Documents\nodejs_workspace\gpio\node_modules\onoff\node_modules\epoll
151 silly gunzTarPerm modes [ '777', '666' ]
152 silly gunzTarPerm extractEntry package.json
153 silly gunzTarPerm modified mode [ 'package.json', 436, 438 ]
154 silly gunzTarPerm extractEntry .npmignore
155 silly gunzTarPerm modified mode [ '.npmignore', 436, 438 ]
156 silly gunzTarPerm extractEntry README.md
157 silly gunzTarPerm modified mode [ 'README.md', 436, 438 ]
158 silly gunzTarPerm extractEntry LICENSE
159 silly gunzTarPerm modified mode [ 'LICENSE', 436, 438 ]
160 silly gunzTarPerm extractEntry epoll.js
161 silly gunzTarPerm modified mode [ 'epoll.js', 436, 438 ]
162 silly gunzTarPerm extractEntry History.md
163 silly gunzTarPerm modified mode [ 'History.md', 436, 438 ]
164 silly gunzTarPerm extractEntry binding.gyp
165 silly gunzTarPerm modified mode [ 'binding.gyp', 436, 438 ]
166 silly gunzTarPerm extractEntry example/interrupts-per-second/interrupts-per-second.js
167 silly gunzTarPerm modified mode [ 'example/interrupts-per-second/interrupts-per-second.js',
167 silly gunzTarPerm   436,
167 silly gunzTarPerm   438 ]
168 silly gunzTarPerm extractEntry example/interrupts-per-second/export
169 silly gunzTarPerm modified mode [ 'example/interrupts-per-second/export', 509, 511 ]
170 silly gunzTarPerm extractEntry example/interrupts-per-second/unexport
171 silly gunzTarPerm modified mode [ 'example/interrupts-per-second/unexport', 509, 511 ]
172 silly gunzTarPerm extractEntry example/watch-button/watch-button.js
173 silly gunzTarPerm modified mode [ 'example/watch-button/watch-button.js', 436, 438 ]
174 silly gunzTarPerm extractEntry example/watch-button/export
175 silly gunzTarPerm modified mode [ 'example/watch-button/export', 509, 511 ]
176 silly gunzTarPerm extractEntry example/watch-button/unexport
177 silly gunzTarPerm modified mode [ 'example/watch-button/unexport', 509, 511 ]
178 silly gunzTarPerm extractEntry src/epoll.cc
179 silly gunzTarPerm modified mode [ 'src/epoll.cc', 436, 438 ]
180 silly gunzTarPerm extractEntry src/epoll.h
181 silly gunzTarPerm modified mode [ 'src/epoll.h', 436, 438 ]
182 silly gunzTarPerm extractEntry test/brute-force-leak-check.js
183 silly gunzTarPerm modified mode [ 'test/brute-force-leak-check.js', 436, 438 ]
184 silly gunzTarPerm extractEntry test/do-almost-nothing.js
185 silly gunzTarPerm modified mode [ 'test/do-almost-nothing.js', 436, 438 ]
186 silly gunzTarPerm extractEntry test/do-nothing.js
187 silly gunzTarPerm modified mode [ 'test/do-nothing.js', 436, 438 ]
188 silly gunzTarPerm extractEntry test/no-gc-allowed.js
189 silly gunzTarPerm modified mode [ 'test/no-gc-allowed.js', 436, 438 ]
190 silly gunzTarPerm extractEntry test/closed.js
191 silly gunzTarPerm modified mode [ 'test/closed.js', 436, 438 ]
192 silly gunzTarPerm extractEntry test/performance-check.js
193 silly gunzTarPerm modified mode [ 'test/performance-check.js', 436, 438 ]
194 silly gunzTarPerm extractEntry test/util.js
195 silly gunzTarPerm modified mode [ 'test/util.js', 436, 438 ]
196 silly gunzTarPerm extractEntry test/two-shot.js
197 silly gunzTarPerm modified mode [ 'test/two-shot.js', 436, 438 ]
198 silly gunzTarPerm extractEntry test/verify-events.js
199 silly gunzTarPerm modified mode [ 'test/verify-events.js', 436, 438 ]
200 silly gunzTarPerm extractEntry test/one-shot.js
201 silly gunzTarPerm modified mode [ 'test/one-shot.js', 436, 438 ]
202 silly gunzTarPerm extractEntry test/run-tests
203 silly gunzTarPerm modified mode [ 'test/run-tests', 509, 511 ]
204 verbose write writing to C:\Users\edison\Documents\nodejs_workspace\gpio\node_modules\onoff\node_modules\epoll\package.json
205 info preinstall epoll@0.1.16
206 verbose readDependencies loading dependencies from C:\Users\edison\Documents\nodejs_workspace\gpio\node_modules\onoff\node_modules\epoll\package.json
207 silly prepareForInstallMany adding bindings@~1.2.1 from epoll dependencies
208 silly prepareForInstallMany adding nan@~2.1.0 from epoll dependencies
209 verbose readDependencies loading dependencies from C:\Users\edison\Documents\nodejs_workspace\gpio\node_modules\onoff\node_modules\epoll\package.json
210 silly cache add args [ 'bindings@~1.2.1', null ]
211 verbose cache add spec bindings@~1.2.1
212 silly cache add args [ 'nan@~2.1.0', null ]
213 verbose cache add spec nan@~2.1.0
214 silly cache add parsed spec { raw: 'bindings@~1.2.1',
214 silly cache add   scope: null,
214 silly cache add   name: 'bindings',
214 silly cache add   rawSpec: '~1.2.1',
214 silly cache add   spec: '>=1.2.1 <1.3.0',
214 silly cache add   type: 'range' }
215 silly addNamed bindings@>=1.2.1 <1.3.0
216 verbose addNamed ">=1.2.1 <1.3.0" is a valid semver range for bindings
217 silly addNameRange { name: 'bindings', range: '>=1.2.1 <1.3.0', hasData: false }
218 silly mapToRegistry name bindings
219 silly mapToRegistry using default registry
220 silly mapToRegistry registry https://registry.npmjs.org/
221 silly mapToRegistry uri https://registry.npmjs.org/bindings
222 verbose addNameRange registry:https://registry.npmjs.org/bindings not in flight; fetching
223 silly cache add parsed spec { raw: 'nan@~2.1.0',
223 silly cache add   scope: null,
223 silly cache add   name: 'nan',
223 silly cache add   rawSpec: '~2.1.0',
223 silly cache add   spec: '>=2.1.0 <2.2.0',
223 silly cache add   type: 'range' }
224 silly addNamed nan@>=2.1.0 <2.2.0
225 verbose addNamed ">=2.1.0 <2.2.0" is a valid semver range for nan
226 silly addNameRange { name: 'nan', range: '>=2.1.0 <2.2.0', hasData: false }
227 silly mapToRegistry name nan
228 silly mapToRegistry using default registry
229 silly mapToRegistry registry https://registry.npmjs.org/
230 silly mapToRegistry uri https://registry.npmjs.org/nan
231 verbose addNameRange registry:https://registry.npmjs.org/nan not in flight; fetching
232 verbose request uri https://registry.npmjs.org/bindings
233 verbose request no auth needed
234 info attempt registry request try #1 at 3:11:45 PM
235 verbose request using bearer token for auth
236 verbose etag "1LLBF9OH58DLBEL4629U6032D"
237 http request GET https://registry.npmjs.org/bindings
238 verbose request uri https://registry.npmjs.org/nan
239 verbose request no auth needed
240 info attempt registry request try #1 at 3:11:45 PM
241 verbose request using bearer token for auth
242 verbose etag "798MRG5PQ3TIGV0CLUOSQMVAG"
243 http request GET https://registry.npmjs.org/nan
244 http 304 https://registry.npmjs.org/bindings
245 silly get cb [ 304,
245 silly get   { 'cache-control': 'max-age=300',
245 silly get     'accept-ranges': 'bytes',
245 silly get     date: 'Thu, 14 Jan 2016 09:41:04 GMT',
245 silly get     via: '1.1 varnish',
245 silly get     connection: 'keep-alive',
245 silly get     'x-served-by': 'cache-sin6924-SIN',
245 silly get     'x-cache': 'MISS',
245 silly get     'x-cache-hits': '0',
245 silly get     'x-timer': 'S1452764464.593106,VS0,VE205' } ]
246 verbose etag https://registry.npmjs.org/bindings from cache
247 verbose get saving bindings to C:\Users\edison\AppData\Roaming\npm-cache\registry.npmjs.org\bindings\.cache.json
248 silly addNameRange number 2 { name: 'bindings', range: '>=1.2.1 <1.3.0', hasData: true }
249 silly addNameRange versions [ 'bindings',
249 silly addNameRange   [ '0.0.1',
249 silly addNameRange     '0.1.0',
249 silly addNameRange     '0.1.1',
249 silly addNameRange     '0.2.0',
249 silly addNameRange     '0.2.1',
249 silly addNameRange     '0.2.2',
249 silly addNameRange     '0.2.3',
249 silly addNameRange     '0.2.4',
249 silly addNameRange     '0.3.0',
249 silly addNameRange     '0.4.0',
249 silly addNameRange     '1.0.0',
249 silly addNameRange     '1.1.0',
249 silly addNameRange     '1.1.1',
249 silly addNameRange     '1.2.0',
249 silly addNameRange     '1.2.1' ] ]
250 silly addNamed bindings@1.2.1
251 verbose addNamed "1.2.1" is a plain semver version for bindings
252 silly cache afterAdd bindings@1.2.1
253 verbose afterAdd C:\Users\edison\AppData\Roaming\npm-cache\bindings\1.2.1\package\package.json not in flight; writing
254 verbose afterAdd C:\Users\edison\AppData\Roaming\npm-cache\bindings\1.2.1\package\package.json written
255 http 304 https://registry.npmjs.org/nan
256 silly get cb [ 304,
256 silly get   { 'cache-control': 'max-age=300',
256 silly get     'accept-ranges': 'bytes',
256 silly get     date: 'Thu, 14 Jan 2016 09:41:06 GMT',
256 silly get     via: '1.1 varnish',
256 silly get     connection: 'keep-alive',
256 silly get     'x-served-by': 'cache-sin6923-SIN',
256 silly get     'x-cache': 'MISS',
256 silly get     'x-cache-hits': '0',
256 silly get     'x-timer': 'S1452764464.725697,VS0,VE1348' } ]
257 verbose etag https://registry.npmjs.org/nan from cache
258 verbose get saving nan to C:\Users\edison\AppData\Roaming\npm-cache\registry.npmjs.org\nan\.cache.json
259 silly addNameRange number 2 { name: 'nan', range: '>=2.1.0 <2.2.0', hasData: true }
260 silly addNameRange versions [ 'nan',
260 silly addNameRange   [ '0.3.0-wip',
260 silly addNameRange     '0.3.0-wip2',
260 silly addNameRange     '0.3.0',
260 silly addNameRange     '0.3.1',
260 silly addNameRange     '0.3.2',
260 silly addNameRange     '0.4.0',
260 silly addNameRange     '0.4.1',
260 silly addNameRange     '0.4.2',
260 silly addNameRange     '0.4.3',
260 silly addNameRange     '0.4.4',
260 silly addNameRange     '0.5.0',
260 silly addNameRange     '0.5.1',
260 silly addNameRange     '0.5.2',
260 silly addNameRange     '0.6.0',
260 silly addNameRange     '0.7.0',
260 silly addNameRange     '0.7.1',
260 silly addNameRange     '0.8.0',
260 silly addNameRange     '1.0.0',
260 silly addNameRange     '1.1.0',
260 silly addNameRange     '1.1.1',
260 silly addNameRange     '1.1.2',
260 silly addNameRange     '1.2.0',
260 silly addNameRange     '1.3.0',
260 silly addNameRange     '1.4.0',
260 silly addNameRange     '1.4.1',
260 silly addNameRange     '1.5.0',
260 silly addNameRange     '1.4.2',
260 silly addNameRange     '1.4.3',
260 silly addNameRange     '1.5.1',
260 silly addNameRange     '1.5.2',
260 silly addNameRange     '1.6.0',
260 silly addNameRange     '1.5.3',
260 silly addNameRange     '1.6.1',
260 silly addNameRange     '1.6.2',
260 silly addNameRange     '1.7.0',
260 silly addNameRange     '1.8.0',
260 silly addNameRange     '1.8.1',
260 silly addNameRange     '1.8.2',
260 silly addNameRange     '1.8.3',
260 silly addNameRange     '1.8.4',
260 silly addNameRange     '1.9.0',
260 silly addNameRange     '2.0.0',
260 silly addNameRange     '2.0.1',
260 silly addNameRange     '2.0.2',
260 silly addNameRange     '2.0.3',
260 silly addNameRange     '2.0.4',
260 silly addNameRange     '2.0.5',
260 silly addNameRange     '2.0.6',
260 silly addNameRange     '2.0.7',
260 silly addNameRange     '2.0.8',
260 silly addNameRange     '2.0.9',
260 silly addNameRange     '2.1.0',
260 silly addNameRange     '2.2.0' ] ]
261 silly addNamed nan@2.1.0
262 verbose addNamed "2.1.0" is a plain semver version for nan
263 silly cache afterAdd nan@2.1.0
264 verbose afterAdd C:\Users\edison\AppData\Roaming\npm-cache\nan\2.1.0\package\package.json not in flight; writing
265 verbose afterAdd C:\Users\edison\AppData\Roaming\npm-cache\nan\2.1.0\package\package.json written
266 silly install resolved [ { name: 'bindings',
266 silly install resolved     description: 'Helper module for loading your native module\'s .node file',
266 silly install resolved     keywords: [ 'native', 'addon', 'bindings', 'gyp', 'waf', 'c', 'c++' ],
266 silly install resolved     version: '1.2.1',
266 silly install resolved     author:
266 silly install resolved      { name: 'Nathan Rajlich',
266 silly install resolved        email: 'nathan@tootallnate.net',
266 silly install resolved        url: 'http://tootallnate.net' },
266 silly install resolved     repository:
266 silly install resolved      { type: 'git',
266 silly install resolved        url: 'git://github.com/TooTallNate/node-bindings.git' },
266 silly install resolved     main: './bindings.js',
266 silly install resolved     bugs: { url: 'https://github.com/TooTallNate/node-bindings/issues' },
266 silly install resolved     homepage: 'https://github.com/TooTallNate/node-bindings',
266 silly install resolved     license: 'MIT',
266 silly install resolved     gitHead: 'e404152ee27f8478ccbc7122ee051246e8e5ec02',
266 silly install resolved     _id: 'bindings@1.2.1',
266 silly install resolved     scripts: {},
266 silly install resolved     _shasum: '14ad6113812d2d37d72e67b4cacb4bb726505f11',
266 silly install resolved     _from: 'bindings@>=1.2.1 <1.3.0',
266 silly install resolved     _npmVersion: '1.4.14',
266 silly install resolved     _npmUser: { name: 'tootallnate', email: 'nathan@tootallnate.net' },
266 silly install resolved     maintainers: [ [Object], [Object] ],
266 silly install resolved     dist:
266 silly install resolved      { shasum: '14ad6113812d2d37d72e67b4cacb4bb726505f11',
266 silly install resolved        tarball: 'http://registry.npmjs.org/bindings/-/bindings-1.2.1.tgz' },
266 silly install resolved     directories: {},
266 silly install resolved     _resolved: 'https://registry.npmjs.org/bindings/-/bindings-1.2.1.tgz',
266 silly install resolved     readme: 'ERROR: No README data found!' },
266 silly install resolved   { name: 'nan',
266 silly install resolved     version: '2.1.0',
266 silly install resolved     description: 'Native Abstractions for Node.js: C++ header for Node 0.8 -> 4 compatibility',
266 silly install resolved     main: 'include_dirs.js',
266 silly install resolved     repository: { type: 'git', url: 'git://github.com/nodejs/nan.git' },
266 silly install resolved     scripts:
266 silly install resolved      { test: 'tap --gc test/js/*-test.js',
266 silly install resolved        'rebuild-tests': 'node-gyp rebuild --msvs_version=2013 --directory test',
266 silly install resolved        docs: 'doc/.build.sh' },
266 silly install resolved     contributors:
266 silly install resolved      [ [Object],
266 silly install resolved        [Object],
266 silly install resolved        [Object],
266 silly install resolved        [Object],
266 silly install resolved        [Object],
266 silly install resolved        [Object],
266 silly install resolved        [Object] ],
266 silly install resolved     devDependencies:
266 silly install resolved      { bindings: '~1.2.1',
266 silly install resolved        commander: '^2.8.1',
266 silly install resolved        glob: '^5.0.14',
266 silly install resolved        'node-gyp': '~3.0.1',
266 silly install resolved        tap: '~0.7.1',
266 silly install resolved        xtend: '~4.0.0' },
266 silly install resolved     license: 'MIT',
266 silly install resolved     bugs: { url: 'https://github.com/nodejs/nan/issues' },
266 silly install resolved     homepage: 'https://github.com/nodejs/nan#readme',
266 silly install resolved     _id: 'nan@2.1.0',
266 silly install resolved     _shasum: '020a7ccedc63fdee85f85967d5607849e74abbe8',
266 silly install resolved     _resolved: 'https://registry.npmjs.org/nan/-/nan-2.1.0.tgz',
266 silly install resolved     _from: 'nan@>=2.1.0 <2.2.0',
266 silly install resolved     _npmVersion: '3.3.5',
266 silly install resolved     _nodeVersion: '4.1.2',
266 silly install resolved     _npmUser: { name: 'kkoopa', email: 'bbyholm@abo.fi' },
266 silly install resolved     dist:
266 silly install resolved      { shasum: '020a7ccedc63fdee85f85967d5607849e74abbe8',
266 silly install resolved        tarball: 'http://registry.npmjs.org/nan/-/nan-2.1.0.tgz' },
266 silly install resolved     maintainers: [ [Object], [Object] ],
266 silly install resolved     directories: {},
266 silly install resolved     readme: 'ERROR: No README data found!' } ]
267 info install bindings@1.2.1 into C:\Users\edison\Documents\nodejs_workspace\gpio\node_modules\onoff\node_modules\epoll
268 info install nan@2.1.0 into C:\Users\edison\Documents\nodejs_workspace\gpio\node_modules\onoff\node_modules\epoll
269 info installOne bindings@1.2.1
270 verbose installOne of bindings to C:\Users\edison\Documents\nodejs_workspace\gpio\node_modules\onoff\node_modules\epoll not in flight; installing
271 info installOne nan@2.1.0
272 verbose installOne of nan to C:\Users\edison\Documents\nodejs_workspace\gpio\node_modules\onoff\node_modules\epoll not in flight; installing
273 verbose lock using C:\Users\edison\AppData\Roaming\npm-cache\_locks\bindings-26855b42a35b3d04.lock for C:\Users\edison\Documents\nodejs_workspace\gpio\node_modules\onoff\node_modules\epoll\node_modules\bindings
274 verbose lock using C:\Users\edison\AppData\Roaming\npm-cache\_locks\nan-358c41de6fe98181.lock for C:\Users\edison\Documents\nodejs_workspace\gpio\node_modules\onoff\node_modules\epoll\node_modules\nan
275 silly install write writing bindings 1.2.1 to C:\Users\edison\Documents\nodejs_workspace\gpio\node_modules\onoff\node_modules\epoll\node_modules\bindings
276 silly install write writing nan 2.1.0 to C:\Users\edison\Documents\nodejs_workspace\gpio\node_modules\onoff\node_modules\epoll\node_modules\nan
277 verbose unbuild node_modules\onoff\node_modules\epoll\node_modules\bindings
278 verbose unbuild node_modules\onoff\node_modules\epoll\node_modules\nan
279 silly gentlyRm C:\Users\edison\Documents\nodejs_workspace\gpio\node_modules\onoff\node_modules\epoll\node_modules\bindings is being purged from base C:\Users\edison\Documents\nodejs_workspace\gpio
280 verbose gentlyRm don't care about contents; nuking C:\Users\edison\Documents\nodejs_workspace\gpio\node_modules\onoff\node_modules\epoll\node_modules\bindings
281 silly gentlyRm C:\Users\edison\Documents\nodejs_workspace\gpio\node_modules\onoff\node_modules\epoll\node_modules\nan is being purged from base C:\Users\edison\Documents\nodejs_workspace\gpio
282 verbose gentlyRm don't care about contents; nuking C:\Users\edison\Documents\nodejs_workspace\gpio\node_modules\onoff\node_modules\epoll\node_modules\nan
283 verbose tar unpack C:\Users\edison\AppData\Roaming\npm-cache\bindings\1.2.1\package.tgz
284 verbose tar unpacking to C:\Users\edison\Documents\nodejs_workspace\gpio\node_modules\onoff\node_modules\epoll\node_modules\bindings
285 silly gentlyRm C:\Users\edison\Documents\nodejs_workspace\gpio\node_modules\onoff\node_modules\epoll\node_modules\bindings is being purged
286 verbose gentlyRm don't care about contents; nuking C:\Users\edison\Documents\nodejs_workspace\gpio\node_modules\onoff\node_modules\epoll\node_modules\bindings
287 verbose tar unpack C:\Users\edison\AppData\Roaming\npm-cache\nan\2.1.0\package.tgz
288 verbose tar unpacking to C:\Users\edison\Documents\nodejs_workspace\gpio\node_modules\onoff\node_modules\epoll\node_modules\nan
289 silly gentlyRm C:\Users\edison\Documents\nodejs_workspace\gpio\node_modules\onoff\node_modules\epoll\node_modules\nan is being purged
290 verbose gentlyRm don't care about contents; nuking C:\Users\edison\Documents\nodejs_workspace\gpio\node_modules\onoff\node_modules\epoll\node_modules\nan
291 silly gunzTarPerm modes [ '777', '666' ]
292 silly gunzTarPerm modes [ '777', '666' ]
293 silly gunzTarPerm extractEntry package.json
294 silly gunzTarPerm modified mode [ 'package.json', 420, 438 ]
295 silly gunzTarPerm extractEntry package.json
296 silly gunzTarPerm modified mode [ 'package.json', 436, 438 ]
297 silly gunzTarPerm extractEntry README.md
298 silly gunzTarPerm modified mode [ 'README.md', 436, 438 ]
299 silly gunzTarPerm extractEntry README.md
300 silly gunzTarPerm modified mode [ 'README.md', 420, 438 ]
301 silly gunzTarPerm extractEntry bindings.js
302 silly gunzTarPerm modified mode [ 'bindings.js', 420, 438 ]
303 silly gunzTarPerm extractEntry include_dirs.js
304 silly gunzTarPerm modified mode [ 'include_dirs.js', 436, 438 ]
305 silly gunzTarPerm extractEntry nan_converters.h
306 silly gunzTarPerm modified mode [ 'nan_converters.h', 436, 438 ]
307 silly gunzTarPerm extractEntry LICENSE.md
308 silly gunzTarPerm modified mode [ 'LICENSE.md', 436, 438 ]
309 silly gunzTarPerm extractEntry .dntrc
310 silly gunzTarPerm modified mode [ '.dntrc', 436, 438 ]
311 silly gunzTarPerm extractEntry appveyor.yml
312 silly gunzTarPerm modified mode [ 'appveyor.yml', 436, 438 ]
313 verbose write writing to C:\Users\edison\Documents\nodejs_workspace\gpio\node_modules\onoff\node_modules\epoll\node_modules\bindings\package.json
314 silly gunzTarPerm extractEntry doc/new.md
315 silly gunzTarPerm modified mode [ 'doc/new.md', 436, 438 ]
316 silly gunzTarPerm extractEntry doc/.build.sh
317 silly gunzTarPerm modified mode [ 'doc/.build.sh', 509, 511 ]
318 info preinstall bindings@1.2.1
319 verbose readDependencies loading dependencies from C:\Users\edison\Documents\nodejs_workspace\gpio\node_modules\onoff\node_modules\epoll\node_modules\bindings\package.json
320 silly gunzTarPerm extractEntry doc/buffers.md
321 silly gunzTarPerm modified mode [ 'doc/buffers.md', 436, 438 ]
322 silly gunzTarPerm extractEntry doc/callback.md
323 silly gunzTarPerm modified mode [ 'doc/callback.md', 436, 438 ]
324 verbose readDependencies loading dependencies from C:\Users\edison\Documents\nodejs_workspace\gpio\node_modules\onoff\node_modules\epoll\node_modules\bindings\package.json
325 silly install resolved []
326 verbose about to build C:\Users\edison\Documents\nodejs_workspace\gpio\node_modules\onoff\node_modules\epoll\node_modules\bindings
327 info build C:\Users\edison\Documents\nodejs_workspace\gpio\node_modules\onoff\node_modules\epoll\node_modules\bindings
328 silly gunzTarPerm extractEntry doc/converters.md
329 silly gunzTarPerm modified mode [ 'doc/converters.md', 436, 438 ]
330 silly gunzTarPerm extractEntry doc/errors.md
331 silly gunzTarPerm modified mode [ 'doc/errors.md', 436, 438 ]
332 info linkStuff bindings@1.2.1
333 silly linkStuff bindings@1.2.1 has C:\Users\edison\Documents\nodejs_workspace\gpio\node_modules\onoff\node_modules\epoll\node_modules as its parent node_modules
334 verbose linkBins bindings@1.2.1
335 verbose linkMans bindings@1.2.1
336 verbose rebuildBundles bindings@1.2.1
337 info install bindings@1.2.1
338 info postinstall bindings@1.2.1
339 silly gunzTarPerm extractEntry doc/maybe_types.md
340 silly gunzTarPerm modified mode [ 'doc/maybe_types.md', 436, 438 ]
341 silly gunzTarPerm extractEntry doc/methods.md
342 silly gunzTarPerm modified mode [ 'doc/methods.md', 436, 438 ]
343 verbose unlock done using C:\Users\edison\AppData\Roaming\npm-cache\_locks\bindings-26855b42a35b3d04.lock for C:\Users\edison\Documents\nodejs_workspace\gpio\node_modules\onoff\node_modules\epoll\node_modules\bindings
344 silly gunzTarPerm extractEntry doc/asyncworker.md
345 silly gunzTarPerm modified mode [ 'doc/asyncworker.md', 436, 438 ]
346 silly gunzTarPerm extractEntry doc/node_misc.md
347 silly gunzTarPerm modified mode [ 'doc/node_misc.md', 436, 438 ]
348 silly gunzTarPerm extractEntry doc/persistent.md
349 silly gunzTarPerm modified mode [ 'doc/persistent.md', 436, 438 ]
350 silly gunzTarPerm extractEntry doc/scopes.md
351 silly gunzTarPerm modified mode [ 'doc/scopes.md', 436, 438 ]
352 silly gunzTarPerm extractEntry doc/script.md
353 silly gunzTarPerm modified mode [ 'doc/script.md', 436, 438 ]
354 silly gunzTarPerm extractEntry doc/string_bytes.md
355 silly gunzTarPerm modified mode [ 'doc/string_bytes.md', 436, 438 ]
356 silly gunzTarPerm extractEntry doc/v8_internals.md
357 silly gunzTarPerm modified mode [ 'doc/v8_internals.md', 436, 438 ]
358 silly gunzTarPerm extractEntry doc/v8_misc.md
359 silly gunzTarPerm modified mode [ 'doc/v8_misc.md', 436, 438 ]
360 silly gunzTarPerm extractEntry nan.h
361 silly gunzTarPerm modified mode [ 'nan.h', 436, 438 ]
362 silly gunzTarPerm extractEntry nan_callbacks.h
363 silly gunzTarPerm modified mode [ 'nan_callbacks.h', 436, 438 ]
364 silly gunzTarPerm extractEntry nan_callbacks_12_inl.h
365 silly gunzTarPerm modified mode [ 'nan_callbacks_12_inl.h', 436, 438 ]
366 silly gunzTarPerm extractEntry nan_callbacks_pre_12_inl.h
367 silly gunzTarPerm modified mode [ 'nan_callbacks_pre_12_inl.h', 436, 438 ]
368 silly gunzTarPerm extractEntry nan_converters_43_inl.h
369 silly gunzTarPerm modified mode [ 'nan_converters_43_inl.h', 436, 438 ]
370 silly gunzTarPerm extractEntry nan_converters_pre_43_inl.h
371 silly gunzTarPerm modified mode [ 'nan_converters_pre_43_inl.h', 436, 438 ]
372 silly gunzTarPerm extractEntry nan_implementation_12_inl.h
373 silly gunzTarPerm modified mode [ 'nan_implementation_12_inl.h', 436, 438 ]
374 silly gunzTarPerm extractEntry nan_implementation_pre_12_inl.h
375 silly gunzTarPerm modified mode [ 'nan_implementation_pre_12_inl.h', 436, 438 ]
376 silly gunzTarPerm extractEntry nan_maybe_43_inl.h
377 silly gunzTarPerm modified mode [ 'nan_maybe_43_inl.h', 436, 438 ]
378 silly gunzTarPerm extractEntry nan_maybe_pre_43_inl.h
379 silly gunzTarPerm modified mode [ 'nan_maybe_pre_43_inl.h', 436, 438 ]
380 silly gunzTarPerm extractEntry nan_new.h
381 silly gunzTarPerm modified mode [ 'nan_new.h', 436, 438 ]
382 silly gunzTarPerm extractEntry nan_object_wrap.h
383 silly gunzTarPerm modified mode [ 'nan_object_wrap.h', 436, 438 ]
384 silly gunzTarPerm extractEntry nan_persistent_12_inl.h
385 silly gunzTarPerm modified mode [ 'nan_persistent_12_inl.h', 436, 438 ]
386 silly gunzTarPerm extractEntry nan_persistent_pre_12_inl.h
387 silly gunzTarPerm modified mode [ 'nan_persistent_pre_12_inl.h', 436, 438 ]
388 silly gunzTarPerm extractEntry nan_string_bytes.h
389 silly gunzTarPerm modified mode [ 'nan_string_bytes.h', 436, 438 ]
390 silly gunzTarPerm extractEntry nan_typedarray_contents.h
391 silly gunzTarPerm modified mode [ 'nan_typedarray_contents.h', 436, 438 ]
392 silly gunzTarPerm extractEntry nan_weak.h
393 silly gunzTarPerm modified mode [ 'nan_weak.h', 436, 438 ]
394 silly gunzTarPerm extractEntry CHANGELOG.md
395 silly gunzTarPerm modified mode [ 'CHANGELOG.md', 436, 438 ]
396 silly gunzTarPerm extractEntry tools/package.json
397 silly gunzTarPerm modified mode [ 'tools/package.json', 436, 438 ]
398 silly gunzTarPerm extractEntry tools/README.md
399 silly gunzTarPerm modified mode [ 'tools/README.md', 436, 438 ]
400 silly gunzTarPerm extractEntry tools/1to2.js
401 silly gunzTarPerm modified mode [ 'tools/1to2.js', 509, 511 ]
402 verbose write writing to C:\Users\edison\Documents\nodejs_workspace\gpio\node_modules\onoff\node_modules\epoll\node_modules\nan\package.json
403 info preinstall nan@2.1.0
404 verbose readDependencies loading dependencies from C:\Users\edison\Documents\nodejs_workspace\gpio\node_modules\onoff\node_modules\epoll\node_modules\nan\package.json
405 verbose readDependencies loading dependencies from C:\Users\edison\Documents\nodejs_workspace\gpio\node_modules\onoff\node_modules\epoll\node_modules\nan\package.json
406 silly install resolved []
407 verbose about to build C:\Users\edison\Documents\nodejs_workspace\gpio\node_modules\onoff\node_modules\epoll\node_modules\nan
408 info build C:\Users\edison\Documents\nodejs_workspace\gpio\node_modules\onoff\node_modules\epoll\node_modules\nan
409 info linkStuff nan@2.1.0
410 silly linkStuff nan@2.1.0 has C:\Users\edison\Documents\nodejs_workspace\gpio\node_modules\onoff\node_modules\epoll\node_modules as its parent node_modules
411 verbose linkBins nan@2.1.0
412 verbose linkMans nan@2.1.0
413 verbose rebuildBundles nan@2.1.0
414 info install nan@2.1.0
415 info postinstall nan@2.1.0
416 verbose unlock done using C:\Users\edison\AppData\Roaming\npm-cache\_locks\nan-358c41de6fe98181.lock for C:\Users\edison\Documents\nodejs_workspace\gpio\node_modules\onoff\node_modules\epoll\node_modules\nan
417 verbose about to build C:\Users\edison\Documents\nodejs_workspace\gpio\node_modules\onoff\node_modules\epoll
418 info build C:\Users\edison\Documents\nodejs_workspace\gpio\node_modules\onoff\node_modules\epoll
419 info linkStuff epoll@0.1.16
420 silly linkStuff epoll@0.1.16 has C:\Users\edison\Documents\nodejs_workspace\gpio\node_modules\onoff\node_modules as its parent node_modules
421 verbose linkBins epoll@0.1.16
422 verbose linkMans epoll@0.1.16
423 verbose rebuildBundles epoll@0.1.16
424 verbose rebuildBundles [ 'bindings', 'nan' ]
425 info install epoll@0.1.16
426 verbose unsafe-perm in lifecycle true
427 info epoll@0.1.16 Failed to exec install script
428 verbose unlock done using C:\Users\edison\AppData\Roaming\npm-cache\_locks\epoll-d8c68a45176e5613.lock for C:\Users\edison\Documents\nodejs_workspace\gpio\node_modules\onoff\node_modules\epoll
429 verbose about to build C:\Users\edison\Documents\nodejs_workspace\gpio\node_modules\onoff
430 verbose unlock done using C:\Users\edison\AppData\Roaming\npm-cache\_locks\onoff-b910522a96a5a7e1.lock for C:\Users\edison\Documents\nodejs_workspace\gpio\node_modules\onoff
431 verbose stack Error: epoll@0.1.16 install: `node-gyp rebuild`
431 verbose stack Exit status 1
431 verbose stack     at EventEmitter.<anonymous> (C:\Program Files\nodejs\node_modules\npm\lib\utils\lifecycle.js:213:16)
431 verbose stack     at EventEmitter.emit (events.js:110:17)
431 verbose stack     at ChildProcess.<anonymous> (C:\Program Files\nodejs\node_modules\npm\lib\utils\spawn.js:24:14)
431 verbose stack     at ChildProcess.emit (events.js:110:17)
431 verbose stack     at maybeClose (child_process.js:1015:16)
431 verbose stack     at Process.ChildProcess._handle.onexit (child_process.js:1087:5)
432 verbose pkgid epoll@0.1.16
433 verbose cwd C:\Users\edison\Documents\nodejs_workspace\gpio
434 error Windows_NT 6.1.7601
435 error argv "C:\\Program Files\\nodejs\\\\node.exe" "C:\\Program Files\\nodejs\\node_modules\\npm\\bin\\npm-cli.js" "i" "onoff"
436 error node v0.12.7
437 error npm  v2.11.3
438 error code ELIFECYCLE
439 error epoll@0.1.16 install: `node-gyp rebuild`
439 error Exit status 1
440 error Failed at the epoll@0.1.16 install script 'node-gyp rebuild'.
440 error This is most likely a problem with the epoll package,
440 error not with npm itself.
440 error Tell the author that this fails on your system:
440 error     node-gyp rebuild
440 error You can get their info via:
440 error     npm owner ls epoll
440 error There is likely additional logging output above.
441 verbose exit [ 1, true ]
442 verbose unbuild node_modules\onoff\node_modules\epoll
443 info preuninstall epoll@0.1.16
444 info uninstall epoll@0.1.16
445 verbose unbuild rmStuff epoll@0.1.16 from C:\Users\edison\Documents\nodejs_workspace\gpio\node_modules
446 verbose unbuild rmStuff in C:\Users\edison\Documents\nodejs_workspace\gpio\node_modules\onoff\node_modules
447 info postuninstall epoll@0.1.16
448 silly gentlyRm C:\Users\edison\Documents\nodejs_workspace\gpio\node_modules\onoff\node_modules\epoll is being purged from base C:\Users\edison\Documents\nodejs_workspace\gpio
449 verbose gentlyRm don't care about contents; nuking C:\Users\edison\Documents\nodejs_workspace\gpio\node_modules\onoff\node_modules\epoll
450 silly vacuum-fs purging C:\Users\edison\Documents\nodejs_workspace\gpio\node_modules\onoff\node_modules\epoll
451 silly vacuum-fs removing C:\Users\edison\Documents\nodejs_workspace\gpio\node_modules\onoff\node_modules
452 silly vacuum-fs quitting because other entries in C:\Users\edison\Documents\nodejs_workspace\gpio\node_modules\onoff
453 verbose unbuild node_modules\onoff
454 info preuninstall onoff@1.0.3
455 info uninstall onoff@1.0.3
456 verbose unbuild rmStuff onoff@1.0.3 from C:\Users\edison\Documents\nodejs_workspace\gpio\node_modules
457 info postuninstall onoff@1.0.3
458 silly gentlyRm C:\Users\edison\Documents\nodejs_workspace\gpio\node_modules\onoff is being purged from base C:\Users\edison\Documents\nodejs_workspace\gpio
459 verbose gentlyRm don't care about contents; nuking C:\Users\edison\Documents\nodejs_workspace\gpio\node_modules\onoff
460 silly vacuum-fs purging C:\Users\edison\Documents\nodejs_workspace\gpio\node_modules\onoff
461 silly vacuum-fs quitting because other entries in C:\Users\edison\Documents\nodejs_workspace\gpio\node_modules
